  [1m[36m (5.1ms)[0m  [1mCREATE TABLE "schema_migrations" ("version" varchar(255) NOT NULL) [0m
  [1m[35m (17.1ms)[0m  CREATE UNIQUE INDEX "unique_schema_migrations" ON "schema_migrations" ("version")
  [1m[36mActiveRecord::SchemaMigration Load (0.1ms)[0m  [1mSELECT "schema_migrations".* FROM "schema_migrations"[0m


Started GET "/" for 127.0.0.1 at 2013-10-22 16:09:38 -0700
Processing by Rails::WelcomeController#index as HTML
  Rendered /Users/bzavestoski/.rvm/gems/ruby-2.0.0-p247/gems/railties-4.0.0/lib/rails/templates/rails/welcome/index.html.erb (17.4ms)
Completed 200 OK in 68ms (Views: 39.3ms | ActiveRecord: 0.0ms)


Started GET "/" for 127.0.0.1 at 2013-10-22 16:12:54 -0700
Processing by Rails::WelcomeController#index as HTML
  Rendered /Users/bzavestoski/.rvm/gems/ruby-2.0.0-p247/gems/railties-4.0.0/lib/rails/templates/rails/welcome/index.html.erb (7.4ms)
Completed 200 OK in 43ms (Views: 24.6ms | ActiveRecord: 0.0ms)


Started GET "/" for 127.0.0.1 at 2013-10-22 16:13:03 -0700
Processing by Rails::WelcomeController#index as HTML
  Rendered /Users/bzavestoski/.rvm/gems/ruby-2.0.0-p247/gems/railties-4.0.0/lib/rails/templates/rails/welcome/index.html.erb (0.1ms)
Completed 200 OK in 2ms (Views: 2.1ms | ActiveRecord: 0.0ms)


Started GET "/" for 127.0.0.1 at 2013-10-22 16:15:52 -0700
Processing by Rails::WelcomeController#index as HTML
  Rendered /Users/bzavestoski/.rvm/gems/ruby-2.0.0-p247/gems/railties-4.0.0/lib/rails/templates/rails/welcome/index.html.erb (0.1ms)
Completed 200 OK in 26ms (Views: 25.5ms | ActiveRecord: 0.0ms)


Started GET "/" for 127.0.0.1 at 2013-10-22 16:19:07 -0700
Processing by Rails::WelcomeController#index as HTML
  Rendered /Users/bzavestoski/.rvm/gems/ruby-2.0.0-p247/gems/railties-4.0.0/lib/rails/templates/rails/welcome/index.html.erb (0.1ms)
Completed 200 OK in 40ms (Views: 38.8ms | ActiveRecord: 0.0ms)


Started GET "/" for 127.0.0.1 at 2013-10-22 16:52:32 -0700
Processing by Rails::WelcomeController#index as HTML
  Rendered /Users/bzavestoski/.rvm/gems/ruby-2.0.0-p247/gems/railties-4.0.0/lib/rails/templates/rails/welcome/index.html.erb (16.2ms)
Completed 200 OK in 67ms (Views: 39.1ms | ActiveRecord: 0.0ms)


Started GET "/" for 127.0.0.1 at 2013-10-22 17:02:25 -0700
Processing by PagesController#home as HTML
  Rendered pages/home.html.erb within layouts/application (0.4ms)
Completed 200 OK in 796ms (Views: 795.4ms | ActiveRecord: 0.0ms)


Started GET "/assets/application.css?body=1" for 127.0.0.1 at 2013-10-22 17:02:26 -0700


Started GET "/assets/pages.css?body=1" for 127.0.0.1 at 2013-10-22 17:02:26 -0700


Started GET "/assets/jquery.js?body=1" for 127.0.0.1 at 2013-10-22 17:02:26 -0700


Started GET "/assets/jquery_ujs.js?body=1" for 127.0.0.1 at 2013-10-22 17:02:26 -0700


Started GET "/assets/turbolinks.js?body=1" for 127.0.0.1 at 2013-10-22 17:02:26 -0700


Started GET "/assets/pages.js?body=1" for 127.0.0.1 at 2013-10-22 17:02:27 -0700


Started GET "/assets/application.js?body=1" for 127.0.0.1 at 2013-10-22 17:02:27 -0700


Started GET "/" for 127.0.0.1 at 2013-10-22 17:04:40 -0700
Processing by PagesController#home as HTML
Completed 500 Internal Server Error in 88ms

ActionView::MissingTemplate (Missing template pages/home, application/home with {:locale=>[:en], :formats=>[:html], :handlers=>[:erb, :builder, :raw, :ruby, :jbuilder, :coffee]}. Searched in:
  * "/Users/bzavestoski/Desktop/farmers_market/app/views"
):
  actionpack (4.0.0) lib/action_view/path_set.rb:46:in `find'
  actionpack (4.0.0) lib/action_view/lookup_context.rb:115:in `find'
  actionpack (4.0.0) lib/action_view/renderer/abstract_renderer.rb:18:in `find_template'
  actionpack (4.0.0) lib/action_view/renderer/template_renderer.rb:35:in `determine_template'
  actionpack (4.0.0) lib/action_view/renderer/template_renderer.rb:8:in `render'
  actionpack (4.0.0) lib/action_view/renderer/renderer.rb:42:in `render_template'
  actionpack (4.0.0) lib/action_view/renderer/renderer.rb:23:in `render'
  actionpack (4.0.0) lib/abstract_controller/rendering.rb:127:in `_render_template'
  actionpack (4.0.0) lib/action_controller/metal/streaming.rb:219:in `_render_template'
  actionpack (4.0.0) lib/abstract_controller/rendering.rb:120:in `render_to_body'
  actionpack (4.0.0) lib/action_controller/metal/rendering.rb:33:in `render_to_body'
  actionpack (4.0.0) lib/action_controller/metal/renderers.rb:26:in `render_to_body'
  actionpack (4.0.0) lib/abstract_controller/rendering.rb:97:in `render'
  actionpack (4.0.0) lib/action_controller/metal/rendering.rb:16:in `render'
  actionpack (4.0.0) lib/action_controller/metal/instrumentation.rb:41:in `block (2 levels) in render'
  activesupport (4.0.0) lib/active_support/core_ext/benchmark.rb:12:in `block in ms'
  /Users/bzavestoski/.rvm/rubies/ruby-2.0.0-p247/lib/ruby/2.0.0/benchmark.rb:296:in `realtime'
  activesupport (4.0.0) lib/active_support/core_ext/benchmark.rb:12:in `ms'
  actionpack (4.0.0) lib/action_controller/metal/instrumentation.rb:41:in `block in render'
  actionpack (4.0.0) lib/action_controller/metal/instrumentation.rb:84:in `cleanup_view_runtime'
  activerecord (4.0.0) lib/active_record/railties/controller_runtime.rb:25:in `cleanup_view_runtime'
  actionpack (4.0.0) lib/action_controller/metal/instrumentation.rb:40:in `render'
  actionpack (4.0.0) lib/action_controller/metal/implicit_render.rb:10:in `default_render'
  actionpack (4.0.0) lib/action_controller/metal/implicit_render.rb:5:in `send_action'
  actionpack (4.0.0) lib/abstract_controller/base.rb:189:in `process_action'
  actionpack (4.0.0) lib/action_controller/metal/rendering.rb:10:in `process_action'
  actionpack (4.0.0) lib/abstract_controller/callbacks.rb:18:in `block in process_action'
  activesupport (4.0.0) lib/active_support/callbacks.rb:403:in `_run__807028170358755825__process_action__callbacks'
  activesupport (4.0.0) lib/active_support/callbacks.rb:80:in `run_callbacks'
  actionpack (4.0.0) lib/abstract_controller/callbacks.rb:17:in `process_action'
  actionpack (4.0.0) lib/action_controller/metal/rescue.rb:29:in `process_action'
  actionpack (4.0.0) lib/action_controller/metal/instrumentation.rb:31:in `block in process_action'
  activesupport (4.0.0) lib/active_support/notifications.rb:159:in `block in instrument'
  activesupport (4.0.0) lib/active_support/notifications/instrumenter.rb:20:in `instrument'
  activesupport (4.0.0) lib/active_support/notifications.rb:159:in `instrument'
  actionpack (4.0.0) lib/action_controller/metal/instrumentation.rb:30:in `process_action'
  actionpack (4.0.0) lib/action_controller/metal/params_wrapper.rb:245:in `process_action'
  activerecord (4.0.0) lib/active_record/railties/controller_runtime.rb:18:in `process_action'
  actionpack (4.0.0) lib/abstract_controller/base.rb:136:in `process'
  actionpack (4.0.0) lib/abstract_controller/rendering.rb:44:in `process'
  actionpack (4.0.0) lib/action_controller/metal.rb:195:in `dispatch'
  actionpack (4.0.0) lib/action_controller/metal/rack_delegation.rb:13:in `dispatch'
  actionpack (4.0.0) lib/action_controller/metal.rb:231:in `block in action'
  actionpack (4.0.0) lib/action_dispatch/routing/route_set.rb:80:in `call'
  actionpack (4.0.0) lib/action_dispatch/routing/route_set.rb:80:in `dispatch'
  actionpack (4.0.0) lib/action_dispatch/routing/route_set.rb:48:in `call'
  actionpack (4.0.0) lib/action_dispatch/journey/router.rb:71:in `block in call'
  actionpack (4.0.0) lib/action_dispatch/journey/router.rb:59:in `each'
  actionpack (4.0.0) lib/action_dispatch/journey/router.rb:59:in `call'
  actionpack (4.0.0) lib/action_dispatch/routing/route_set.rb:655:in `call'
  rack (1.5.2) lib/rack/etag.rb:23:in `call'
  rack (1.5.2) lib/rack/conditionalget.rb:25:in `call'
  rack (1.5.2) lib/rack/head.rb:11:in `call'
  actionpack (4.0.0) lib/action_dispatch/middleware/params_parser.rb:27:in `call'
  actionpack (4.0.0) lib/action_dispatch/middleware/flash.rb:241:in `call'
  rack (1.5.2) lib/rack/session/abstract/id.rb:225:in `context'
  rack (1.5.2) lib/rack/session/abstract/id.rb:220:in `call'
  actionpack (4.0.0) lib/action_dispatch/middleware/cookies.rb:486:in `call'
  activerecord (4.0.0) lib/active_record/query_cache.rb:36:in `call'
  activerecord (4.0.0) lib/active_record/connection_adapters/abstract/connection_pool.rb:626:in `call'
  activerecord (4.0.0) lib/active_record/migration.rb:369:in `call'
  actionpack (4.0.0) lib/action_dispatch/middleware/callbacks.rb:29:in `block in call'
  activesupport (4.0.0) lib/active_support/callbacks.rb:373:in `_run__1008842247454848230__call__callbacks'
  activesupport (4.0.0) lib/active_support/callbacks.rb:80:in `run_callbacks'
  actionpack (4.0.0) lib/action_dispatch/middleware/callbacks.rb:27:in `call'
  actionpack (4.0.0) lib/action_dispatch/middleware/reloader.rb:64:in `call'
  actionpack (4.0.0) lib/action_dispatch/middleware/remote_ip.rb:76:in `call'
  actionpack (4.0.0) lib/action_dispatch/middleware/debug_exceptions.rb:17:in `call'
  actionpack (4.0.0) lib/action_dispatch/middleware/show_exceptions.rb:30:in `call'
  railties (4.0.0) lib/rails/rack/logger.rb:38:in `call_app'
  railties (4.0.0) lib/rails/rack/logger.rb:21:in `block in call'
  activesupport (4.0.0) lib/active_support/tagged_logging.rb:67:in `block in tagged'
  activesupport (4.0.0) lib/active_support/tagged_logging.rb:25:in `tagged'
  activesupport (4.0.0) lib/active_support/tagged_logging.rb:67:in `tagged'
  railties (4.0.0) lib/rails/rack/logger.rb:21:in `call'
  actionpack (4.0.0) lib/action_dispatch/middleware/request_id.rb:21:in `call'
  rack (1.5.2) lib/rack/methodoverride.rb:21:in `call'
  rack (1.5.2) lib/rack/runtime.rb:17:in `call'
  activesupport (4.0.0) lib/active_support/cache/strategy/local_cache.rb:83:in `call'
  rack (1.5.2) lib/rack/lock.rb:17:in `call'
  actionpack (4.0.0) lib/action_dispatch/middleware/static.rb:64:in `call'
  railties (4.0.0) lib/rails/engine.rb:511:in `call'
  railties (4.0.0) lib/rails/application.rb:97:in `call'
  /Users/bzavestoski/Library/Application Support/Pow/Versions/0.4.1/node_modules/nack/lib/nack/server.rb:145:in `handle'
  /Users/bzavestoski/Library/Application Support/Pow/Versions/0.4.1/node_modules/nack/lib/nack/server.rb:99:in `rescue in block (2 levels) in start'
  /Users/bzavestoski/Library/Application Support/Pow/Versions/0.4.1/node_modules/nack/lib/nack/server.rb:96:in `block (2 levels) in start'
  /Users/bzavestoski/Library/Application Support/Pow/Versions/0.4.1/node_modules/nack/lib/nack/server.rb:86:in `each'
  /Users/bzavestoski/Library/Application Support/Pow/Versions/0.4.1/node_modules/nack/lib/nack/server.rb:86:in `block in start'
  /Users/bzavestoski/Library/Application Support/Pow/Versions/0.4.1/node_modules/nack/lib/nack/server.rb:66:in `loop'
  /Users/bzavestoski/Library/Application Support/Pow/Versions/0.4.1/node_modules/nack/lib/nack/server.rb:66:in `start'
  /Users/bzavestoski/Library/Application Support/Pow/Versions/0.4.1/node_modules/nack/lib/nack/server.rb:13:in `run'
  /Users/bzavestoski/Library/Application Support/Pow/Versions/0.4.1/node_modules/nack/bin/nack_worker:4:in `<main>'


  Rendered /Users/bzavestoski/.rvm/gems/ruby-2.0.0-p247/gems/actionpack-4.0.0/lib/action_dispatch/middleware/templates/rescues/missing_template.erb within rescues/layout (1.3ms)
  [1m[36mActiveRecord::SchemaMigration Load (1.3ms)[0m  [1mSELECT "schema_migrations".* FROM "schema_migrations"[0m


Started GET "/" for 127.0.0.1 at 2013-10-22 17:05:54 -0700
Processing by PagesController#home as HTML
  Rendered pages/home.html.slim within layouts/application (11.3ms)
Completed 200 OK in 191ms (Views: 164.3ms | ActiveRecord: 0.0ms)


Started GET "/assets/application.css?body=1" for 127.0.0.1 at 2013-10-22 17:05:54 -0700


Started GET "/assets/jquery.js?body=1" for 127.0.0.1 at 2013-10-22 17:05:54 -0700


Started GET "/assets/jquery_ujs.js?body=1" for 127.0.0.1 at 2013-10-22 17:05:55 -0700


Started GET "/assets/pages.js?body=1" for 127.0.0.1 at 2013-10-22 17:05:55 -0700


Started GET "/assets/pages.css?body=1" for 127.0.0.1 at 2013-10-22 17:05:55 -0700


Started GET "/assets/turbolinks.js?body=1" for 127.0.0.1 at 2013-10-22 17:05:56 -0700


Started GET "/assets/application.js?body=1" for 127.0.0.1 at 2013-10-22 17:05:56 -0700


Started GET "/" for 127.0.0.1 at 2013-10-22 17:06:26 -0700
Processing by PagesController#home as HTML
  Rendered pages/home.html.slim within layouts/application (0.0ms)
Completed 200 OK in 19ms (Views: 18.5ms | ActiveRecord: 0.0ms)



Started GET "/assets/pages.css?body=1" for 127.0.0.1 at 2013-10-22 17:06:26 -0700

Started GET "/assets/application.css?body=1" for 127.0.0.1 at 2013-10-22 17:06:26 -0700


Started GET "/assets/styles.css?body=1" for 127.0.0.1 at 2013-10-22 17:06:26 -0700


Started GET "/assets/jquery.js?body=1" for 127.0.0.1 at 2013-10-22 17:06:26 -0700


Started GET "/assets/jquery_ujs.js?body=1" for 127.0.0.1 at 2013-10-22 17:06:26 -0700


Started GET "/assets/turbolinks.js?body=1" for 127.0.0.1 at 2013-10-22 17:06:26 -0700




Started GET "/assets/pages.js?body=1" for 127.0.0.1 at 2013-10-22 17:06:27 -0700
Started GET "/assets/application.js?body=1" for 127.0.0.1 at 2013-10-22 17:06:27 -0700


Started GET "/" for 127.0.0.1 at 2013-10-22 17:06:35 -0700
Processing by PagesController#home as HTML
  Rendered pages/home.html.slim within layouts/application (0.0ms)
Completed 200 OK in 17ms (Views: 16.2ms | ActiveRecord: 0.0ms)


Started GET "/assets/pages.css?body=1" for 127.0.0.1 at 2013-10-22 17:06:35 -0700


Started GET "/assets/application.css?body=1" for 127.0.0.1 at 2013-10-22 17:06:35 -0700




Started GET "/assets/styles.css?body=1" for 127.0.0.1 at 2013-10-22 17:06:35 -0700
Started GET "/assets/jquery.js?body=1" for 127.0.0.1 at 2013-10-22 17:06:35 -0700


Started GET "/assets/jquery_ujs.js?body=1" for 127.0.0.1 at 2013-10-22 17:06:35 -0700


Started GET "/assets/turbolinks.js?body=1" for 127.0.0.1 at 2013-10-22 17:06:35 -0700




Started GET "/assets/application.js?body=1" for 127.0.0.1 at 2013-10-22 17:06:36 -0700
Started GET "/assets/pages.js?body=1" for 127.0.0.1 at 2013-10-22 17:06:36 -0700
